<?xml version="1.0" encoding="UTF-8"?>
<testng-results skipped="0" failed="1" ignored="0" total="4" passed="3">
  <reporter-output>
  </reporter-output>
  <suite name="Default suite" duration-ms="54250" started-at="2019-10-01T15:57:42 EDT" finished-at="2019-10-01T15:58:37 EDT">
    <groups>
    </groups>
    <test name="Default test" duration-ms="54250" started-at="2019-10-01T15:57:42 EDT" finished-at="2019-10-01T15:58:37 EDT">
      <class name="tests.AmazonSignupTest">
        <test-method status="PASS" signature="setup()[pri:0, instance:tests.AmazonSignupTest@520a3426]" name="setup" is-config="true" duration-ms="7591" started-at="2019-10-01T15:57:43 EDT" finished-at="2019-10-01T15:57:50 EDT">
          <reporter-output>
          </reporter-output>
        </test-method> <!-- setup -->
        <test-method status="PASS" signature="AzHomepage()[pri:0, instance:tests.AmazonSignupTest@520a3426]" name="AzHomepage" duration-ms="43" started-at="2019-10-01T15:57:50 EDT" finished-at="2019-10-01T15:57:50 EDT">
          <reporter-output>
          </reporter-output>
        </test-method> <!-- AzHomepage -->
        <test-method status="PASS" signature="closebroswer()[pri:0, instance:tests.AmazonSignupTest@520a3426]" name="closebroswer" is-config="true" duration-ms="11191" started-at="2019-10-01T15:57:50 EDT" finished-at="2019-10-01T15:58:01 EDT">
          <reporter-output>
          </reporter-output>
        </test-method> <!-- closebroswer -->
        <test-method status="PASS" signature="setup()[pri:0, instance:tests.AmazonSignupTest@520a3426]" name="setup" is-config="true" duration-ms="5906" started-at="2019-10-01T15:58:01 EDT" finished-at="2019-10-01T15:58:07 EDT">
          <reporter-output>
          </reporter-output>
        </test-method> <!-- setup -->
        <test-method status="FAIL" signature="randomclick()[pri:0, instance:tests.AmazonSignupTest@520a3426]" name="randomclick" duration-ms="13" started-at="2019-10-01T15:58:07 EDT" finished-at="2019-10-01T15:58:07 EDT">
          <exception class="java.lang.NullPointerException">
            <full-stacktrace>
              <![CDATA[java.lang.NullPointerException
at webdriverAPI.DriverFunctions.clickonaccount(DriverFunctions.java:32)
at tests.AmazonSignupTest.randomclick(AmazonSignupTest.java:39)
at sun.reflect.NativeMethodAccessorImpl.invoke0(Native Method)
at sun.reflect.NativeMethodAccessorImpl.invoke(Unknown Source)
at sun.reflect.DelegatingMethodAccessorImpl.invoke(Unknown Source)
at java.lang.reflect.Method.invoke(Unknown Source)
at org.testng.internal.MethodInvocationHelper.invokeMethod(MethodInvocationHelper.java:133)
at org.testng.internal.TestInvoker.invokeMethod(TestInvoker.java:584)
at org.testng.internal.TestInvoker.invokeTestMethod(TestInvoker.java:172)
at org.testng.internal.MethodRunner.runInSequence(MethodRunner.java:46)
at org.testng.internal.TestInvoker$MethodInvocationAgent.invoke(TestInvoker.java:804)
at org.testng.internal.TestInvoker.invokeTestMethods(TestInvoker.java:145)
at org.testng.internal.TestMethodWorker.invokeTestMethods(TestMethodWorker.java:146)
at org.testng.internal.TestMethodWorker.run(TestMethodWorker.java:128)
at java.util.ArrayList.forEach(Unknown Source)
at org.testng.TestRunner.privateRun(TestRunner.java:770)
at org.testng.TestRunner.run(TestRunner.java:591)
at org.testng.SuiteRunner.runTest(SuiteRunner.java:402)
at org.testng.SuiteRunner.runSequentially(SuiteRunner.java:396)
at org.testng.SuiteRunner.privateRun(SuiteRunner.java:355)
at org.testng.SuiteRunner.run(SuiteRunner.java:304)
at org.testng.SuiteRunnerWorker.runSuite(SuiteRunnerWorker.java:53)
at org.testng.SuiteRunnerWorker.run(SuiteRunnerWorker.java:96)
at org.testng.TestNG.runSuitesSequentially(TestNG.java:1180)
at org.testng.TestNG.runSuitesLocally(TestNG.java:1102)
at org.testng.TestNG.runSuites(TestNG.java:1032)
at org.testng.TestNG.run(TestNG.java:1000)
at org.testng.remote.AbstractRemoteTestNG.run(AbstractRemoteTestNG.java:115)
at org.testng.remote.RemoteTestNG.initAndRun(RemoteTestNG.java:251)
at org.testng.remote.RemoteTestNG.main(RemoteTestNG.java:77)
]]>
            </full-stacktrace>
          </exception> <!-- java.lang.NullPointerException -->
          <reporter-output>
          </reporter-output>
        </test-method> <!-- randomclick -->
        <test-method status="PASS" signature="closebroswer()[pri:0, instance:tests.AmazonSignupTest@520a3426]" name="closebroswer" is-config="true" duration-ms="2455" started-at="2019-10-01T15:58:07 EDT" finished-at="2019-10-01T15:58:10 EDT">
          <reporter-output>
          </reporter-output>
        </test-method> <!-- closebroswer -->
        <test-method status="PASS" signature="setup()[pri:0, instance:tests.AmazonSignupTest@520a3426]" name="setup" is-config="true" duration-ms="9890" started-at="2019-10-01T15:58:10 EDT" finished-at="2019-10-01T15:58:20 EDT">
          <reporter-output>
          </reporter-output>
        </test-method> <!-- setup -->
        <test-method status="PASS" signature="searchforiPhone()[pri:0, instance:tests.AmazonSignupTest@520a3426]" name="searchforiPhone" duration-ms="4992" started-at="2019-10-01T15:58:20 EDT" finished-at="2019-10-01T15:58:25 EDT">
          <reporter-output>
          </reporter-output>
        </test-method> <!-- searchforiPhone -->
        <test-method status="PASS" signature="closebroswer()[pri:0, instance:tests.AmazonSignupTest@520a3426]" name="closebroswer" is-config="true" duration-ms="3013" started-at="2019-10-01T15:58:25 EDT" finished-at="2019-10-01T15:58:28 EDT">
          <reporter-output>
          </reporter-output>
        </test-method> <!-- closebroswer -->
        <test-method status="PASS" signature="setup()[pri:0, instance:tests.AmazonSignupTest@520a3426]" name="setup" is-config="true" duration-ms="5757" started-at="2019-10-01T15:58:28 EDT" finished-at="2019-10-01T15:58:33 EDT">
          <reporter-output>
          </reporter-output>
        </test-method> <!-- setup -->
        <test-method status="PASS" signature="tittle()[pri:0, instance:tests.AmazonSignupTest@520a3426]" name="tittle" duration-ms="15" started-at="2019-10-01T15:58:33 EDT" finished-at="2019-10-01T15:58:33 EDT">
          <reporter-output>
          </reporter-output>
        </test-method> <!-- tittle -->
        <test-method status="PASS" signature="closebroswer()[pri:0, instance:tests.AmazonSignupTest@520a3426]" name="closebroswer" is-config="true" duration-ms="3289" started-at="2019-10-01T15:58:33 EDT" finished-at="2019-10-01T15:58:37 EDT">
          <reporter-output>
          </reporter-output>
        </test-method> <!-- closebroswer -->
      </class> <!-- tests.AmazonSignupTest -->
    </test> <!-- Default test -->
  </suite> <!-- Default suite -->
</testng-results>
